<?xml version="1.0" encoding="UTF-8"?>
<!-- Generated by org.testng.reporters.JUnitReportReporter -->
<testsuite skipped="1" hostname="John007-Dell" name="testCases.CarLoanTest" tests="1" failures="0" timestamp="19 Nov 2020 07:24:10 GMT" time="0.000" errors="0">
  <testcase name="carEmiCalculator" time="0.000" classname="testCases.CarLoanTest">
    <skipped/>
  </testcase> <!-- carEmiCalculator -->
</testsuite> <!-- testCases.CarLoanTest -->
